Arguments: 
  C:\Program Files\nodejs\node.exe C:\Users\adedokunbt\AppData\Roaming\npm\node_modules\yarn\bin\yarn.js add -D typescript

PATH: 
  C:\Users\adedokunbt\bin;C:\Users\adedokunbt\AppData\Local\Programs\Git\mingw64\bin;C:\Users\adedokunbt\AppData\Local\Programs\Git\usr\local\bin;C:\Users\adedokunbt\AppData\Local\Programs\Git\usr\bin;C:\Users\adedokunbt\AppData\Local\Programs\Git\usr\bin;C:\Users\adedokunbt\AppData\Local\Programs\Git\mingw64\bin;C:\Users\adedokunbt\AppData\Local\Programs\Git\usr\bin;C:\Users\adedokunbt\bin;C:\Windows\system32;C:\Windows;C:\Windows\System32\Wbem;C:\Windows\System32\WindowsPowerShell\v1.0;C:\Windows\System32\OpenSSH;C:\Program Files\nodejs;C:\Program Files\Docker\Docker\resources\bin;C:\ProgramData\DockerDesktop\version-bin;C:\Program Files\MySQL\MySQL Shell 8.0\bin;C:\Windows\system32;C:\Windows;C:\Windows\System32\Wbem;C:\Windows\System32\WindowsPowerShell\v1.0;C:\Windows\System32\OpenSSH;C:\Program Files\nodejs;C:\Windows\system32;C:\Windows;C:\Windows\System32\Wbem;C:\Windows\System32\WindowsPowerShell\v1.0;C:\Windows\System32\OpenSSH;C:\Program Files\nodejs;C:\Users\adedokunbt\AppData\Local\Microsoft\WindowsApps;C:\Users\adedokunbt\AppData\Local\Programs\Microsoft VS Code\bin;C:\Users\adedokunbt\AppData\Local\Programs\Git\cmd;C:\Users\adedokunbt\AppData\Roaming\npm;C:\Users\adedokunbt\AppData\Roaming\Flow;C:\Users\adedokunbt\AppData\Roaming\Flow;C:\Users\adedokunbt\AppData\Local\Programs\Git\usr\bin\vendor_perl;C:\Users\adedokunbt\AppData\Local\Programs\Git\usr\bin\core_perl

Yarn version: 
  1.22.19

Node version: 
  16.17.0

Platform: 
  win32 x64

Trace: 
  Error: https://registry.npmjs.org/typescript: ESOCKETTIMEDOUT
      at ClientRequest.<anonymous> (C:\Users\adedokunbt\AppData\Roaming\npm\node_modules\yarn\lib\cli.js:141517:19)
      at Object.onceWrapper (node:events:627:28)
      at ClientRequest.emit (node:events:513:28)
      at TLSSocket.emitRequestTimeout (node:_http_client:814:9)
      at Object.onceWrapper (node:events:627:28)
      at TLSSocket.emit (node:events:525:35)
      at TLSSocket.Socket._onTimeout (node:net:526:8)
      at listOnTimeout (node:internal/timers:559:17)
      at processTimers (node:internal/timers:502:7)

npm manifest: 
  {
    "name": "rxgoodness",
    "version": "1.0.0",
    "main": "index.js",
    "license": "MIT"
  }

yarn manifest: 
  No manifest

Lockfile: 
  No lockfile
